c:\users\byeonghun\documents\setermproject\mobile-robot-controller\robotcontrollerui\logicdll\debug\logicdll.pch
c:\users\byeonghun\documents\setermproject\mobile-robot-controller\robotcontrollerui\logicdll\debug\vc140.pdb
c:\users\byeonghun\documents\setermproject\mobile-robot-controller\robotcontrollerui\logicdll\debug\stdafx.obj
c:\users\byeonghun\documents\setermproject\mobile-robot-controller\robotcontrollerui\logicdll\debug\logicdll.obj
c:\users\byeonghun\documents\setermproject\mobile-robot-controller\robotcontrollerui\logicdll\debug\assemblyinfo.obj
c:\users\byeonghun\documents\setermproject\mobile-robot-controller\robotcontrollerui\logicdll\debug\.netframework,version=v4.5.2.assemblyattributes.obj
c:\users\byeonghun\documents\setermproject\mobile-robot-controller\robotcontrollerui\logicdll\debug\.netframework,version=v4.5.2.assemblyattributes.asm
c:\users\byeonghun\documents\setermproject\mobile-robot-controller\robotcontrollerui\debug\logicdll.dll
c:\users\byeonghun\documents\setermproject\mobile-robot-controller\robotcontrollerui\debug\logicdll.pdb
c:\users\byeonghun\documents\setermproject\mobile-robot-controller\robotcontrollerui\logicdll\debug\app.res
c:\users\byeonghun\documents\setermproject\mobile-robot-controller\robotcontrollerui\logicdll\debug\logicdll.tlog\cl.command.1.tlog
c:\users\byeonghun\documents\setermproject\mobile-robot-controller\robotcontrollerui\logicdll\debug\logicdll.tlog\cl.read.1.tlog
c:\users\byeonghun\documents\setermproject\mobile-robot-controller\robotcontrollerui\logicdll\debug\logicdll.tlog\cl.write.1.tlog
c:\users\byeonghun\documents\setermproject\mobile-robot-controller\robotcontrollerui\logicdll\debug\logicdll.tlog\link.command.1.tlog
c:\users\byeonghun\documents\setermproject\mobile-robot-controller\robotcontrollerui\logicdll\debug\logicdll.tlog\link.read.1.tlog
c:\users\byeonghun\documents\setermproject\mobile-robot-controller\robotcontrollerui\logicdll\debug\logicdll.tlog\link.write.1.tlog
c:\users\byeonghun\documents\setermproject\mobile-robot-controller\robotcontrollerui\logicdll\debug\logicdll.tlog\metagen.read.1.tlog
c:\users\byeonghun\documents\setermproject\mobile-robot-controller\robotcontrollerui\logicdll\debug\logicdll.tlog\metagen.write.1.tlog
c:\users\byeonghun\documents\setermproject\mobile-robot-controller\robotcontrollerui\logicdll\debug\logicdll.tlog\rc.command.1.tlog
c:\users\byeonghun\documents\setermproject\mobile-robot-controller\robotcontrollerui\logicdll\debug\logicdll.tlog\rc.read.1.tlog
c:\users\byeonghun\documents\setermproject\mobile-robot-controller\robotcontrollerui\logicdll\debug\logicdll.tlog\rc.write.1.tlog
c:\users\byeonghun\documents\setermproject\mobile-robot-controller\robotcontrollerui\logicdll\debug\logicdll.tlog\tzres.dll.bi
