빌드 시작: 2015-12-07 오후 1:04:07
     1>2 노드의 "C:\Users\byeonghun\Documents\SETermProject\Mobile-Robot-Controller\RobotControllerUI\LogicDll\LogicDll.vcxproj" 프로젝트(Rebuild 대상)입니다.
     1>ClCompile:
         C:\Program Files (x86)\Microsoft Visual Studio 14.0\VC\bin\CL.exe /c /AI"C:\Program Files (x86)\Reference Assemblies\Microsoft\Framework\.NETFramework\v4.5.2\\" /AI"C:\Program Files (x86)\Windows Kits\8.1\References\CommonConfiguration\Neutral" /AI"C:\Program Files (x86)\Reference Assemblies\Microsoft\Framework\.NETFramework\v4.5.2\Facades\\" /Zi /clr /nologo /W3 /WX- /Od /Oy- /D WIN32 /D _DEBUG /D _WINDLL /D _UNICODE /D UNICODE /EHa /MDd /GS /fp:precise /Zc:wchar_t /Zc:forScope /Zc:inline /Yc"stdafx.h" /Fp"Debug\LogicDll.pch" /Fo"Debug\\" /Fd"Debug\vc140.pdb" /TP /FU"C:\Program Files (x86)\Reference Assemblies\Microsoft\Framework\.NETFramework\v4.5.2\mscorlib.dll" /FU"C:\Program Files (x86)\Reference Assemblies\Microsoft\Framework\.NETFramework\v4.5.2\System.Data.dll" /FU"C:\Program Files (x86)\Reference Assemblies\Microsoft\Framework\.NETFramework\v4.5.2\System.dll" /FU"C:\Program Files (x86)\Reference Assemblies\Microsoft\Framework\.NETFramework\v4.5.2\System.Xml.dll" /analyze- /errorReport:prompt /clr:nostdlib Stdafx.cpp
         Stdafx.cpp
         C:\Program Files (x86)\Microsoft Visual Studio 14.0\VC\bin\CL.exe /c /AI"C:\Program Files (x86)\Reference Assemblies\Microsoft\Framework\.NETFramework\v4.5.2\\" /AI"C:\Program Files (x86)\Windows Kits\8.1\References\CommonConfiguration\Neutral" /AI"C:\Program Files (x86)\Reference Assemblies\Microsoft\Framework\.NETFramework\v4.5.2\Facades\\" /Zi /clr /nologo /W3 /WX- /Od /Oy- /D WIN32 /D _DEBUG /D _WINDLL /D _UNICODE /D UNICODE /EHa /MDd /GS /fp:precise /Zc:wchar_t /Zc:forScope /Zc:inline /Yu"stdafx.h" /Fp"Debug\LogicDll.pch" /Fo"Debug\\" /Fd"Debug\vc140.pdb" /TP /FU"C:\Program Files (x86)\Reference Assemblies\Microsoft\Framework\.NETFramework\v4.5.2\mscorlib.dll" /FU"C:\Program Files (x86)\Reference Assemblies\Microsoft\Framework\.NETFramework\v4.5.2\System.Data.dll" /FU"C:\Program Files (x86)\Reference Assemblies\Microsoft\Framework\.NETFramework\v4.5.2\System.dll" /FU"C:\Program Files (x86)\Reference Assemblies\Microsoft\Framework\.NETFramework\v4.5.2\System.Xml.dll" /analyze- /errorReport:prompt /clr:nostdlib AssemblyInfo.cpp LogicDll.cpp
         AssemblyInfo.cpp
         LogicDll.cpp
         코드를 생성하고 있습니다...
         C:\Program Files (x86)\Microsoft Visual Studio 14.0\VC\bin\CL.exe /c /Zi /clr /nologo /W3 /WX- /Od /Oy- /D WIN32 /D _DEBUG /D _WINDLL /D _UNICODE /D UNICODE /EHa /MDd /GS /fp:precise /Zc:wchar_t /Zc:forScope /Zc:inline /Fp"Debug\LogicDll.pch" /Fa"Debug\\" /Fo"Debug\\" /Fd"Debug\vc140.pdb" /analyze- /errorReport:prompt "C:\Users\byeonghun\AppData\Local\Temp\.NETFramework,Version=v4.5.2.AssemblyAttributes.cpp"
         .NETFramework,Version=v4.5.2.AssemblyAttributes.cpp
       ResourceCompile:
         C:\Program Files (x86)\Windows Kits\8.1\bin\x86\rc.exe /D _UNICODE /D UNICODE /l"0x0409" /nologo /fo"Debug\app.res" app.rc 
       Link:
         C:\Program Files (x86)\Microsoft Visual Studio 14.0\VC\bin\link.exe /ERRORREPORT:PROMPT /OUT:"C:\Users\byeonghun\Documents\SETermProject\Mobile-Robot-Controller\RobotControllerUI\Debug\LogicDll.dll" /INCREMENTAL /NOLOGO DE.lib kernel32.lib user32.lib gdi32.lib winspool.lib comdlg32.lib advapi32.lib shell32.lib ole32.lib oleaut32.lib uuid.lib odbc32.lib odbccp32.lib /MANIFEST /MANIFESTUAC:"level='asInvoker' uiAccess='false'" /manifest:embed /Debug /PDB:"C:\Users\byeonghun\Documents\SETermProject\Mobile-Robot-Controller\RobotControllerUI\Debug\LogicDll.pdb" /ASSEMBLYDEBUG /TLBID:1 /DYNAMICBASE /FIXED:NO /NXCOMPAT /MACHINE:X86 /DLL Debug\app.res
         Debug\AssemblyInfo.obj
         Debug\LogicDll.obj
         Debug\Stdafx.obj
         "Debug\.NETFramework,Version=v4.5.2.AssemblyAttributes.obj"
     1>DE.lib(MainFlow.obj) : warning LNK4075: '/EDITANDCONTINUE'이(가) '/OPT:LBR' 사양으로 인해 무시됩니다.
         LogicDll.vcxproj -> C:\Users\byeonghun\Documents\SETermProject\Mobile-Robot-Controller\RobotControllerUI\Debug\LogicDll.dll
     1>"C:\Users\byeonghun\Documents\SETermProject\Mobile-Robot-Controller\RobotControllerUI\LogicDll\LogicDll.vcxproj" 프로젝트를 빌드했습니다(Rebuild 대상).

빌드했습니다.

경과 시간: 00:00:01.39
