c:\users\byeonghun\documents\setermproject\mobile-robot-controller\robotcontrollerui\de\debug\de.pdb
c:\users\byeonghun\documents\setermproject\mobile-robot-controller\robotcontrollerui\de\debug\de.idb
c:\users\byeonghun\documents\setermproject\mobile-robot-controller\robotcontrollerui\de\debug\csgraphiccall.obj
c:\users\byeonghun\documents\setermproject\mobile-robot-controller\robotcontrollerui\de\debug\datainterface.obj
c:\users\byeonghun\documents\setermproject\mobile-robot-controller\robotcontrollerui\de\debug\mainflow.obj
c:\users\byeonghun\documents\setermproject\mobile-robot-controller\robotcontrollerui\de\debug\map.obj
c:\users\byeonghun\documents\setermproject\mobile-robot-controller\robotcontrollerui\de\debug\mapmanager.obj
c:\users\byeonghun\documents\setermproject\mobile-robot-controller\robotcontrollerui\de\debug\movemanager.obj
c:\users\byeonghun\documents\setermproject\mobile-robot-controller\robotcontrollerui\de\debug\robot.obj
c:\users\byeonghun\documents\setermproject\mobile-robot-controller\robotcontrollerui\de\debug\sensor.obj
c:\users\byeonghun\documents\setermproject\mobile-robot-controller\robotcontrollerui\de\debug\source.obj
c:\users\byeonghun\documents\setermproject\mobile-robot-controller\robotcontrollerui\de\debug\virtualrobot.obj
c:\users\byeonghun\documents\setermproject\mobile-robot-controller\robotcontrollerui\debug\de.lib
c:\users\byeonghun\documents\setermproject\mobile-robot-controller\robotcontrollerui\de\debug\graphiccontrol.tli
c:\users\byeonghun\documents\setermproject\mobile-robot-controller\robotcontrollerui\de\debug\graphiccontrol.tlh
c:\users\byeonghun\documents\setermproject\mobile-robot-controller\robotcontrollerui\debug\de.pdb
c:\users\byeonghun\documents\setermproject\mobile-robot-controller\robotcontrollerui\de\debug\de.tlog\cl.command.1.tlog
c:\users\byeonghun\documents\setermproject\mobile-robot-controller\robotcontrollerui\de\debug\de.tlog\cl.read.1.tlog
c:\users\byeonghun\documents\setermproject\mobile-robot-controller\robotcontrollerui\de\debug\de.tlog\cl.write.1.tlog
c:\users\byeonghun\documents\setermproject\mobile-robot-controller\robotcontrollerui\de\debug\de.tlog\lib-link.read.1.tlog
c:\users\byeonghun\documents\setermproject\mobile-robot-controller\robotcontrollerui\de\debug\de.tlog\lib-link.write.1.tlog
c:\users\byeonghun\documents\setermproject\mobile-robot-controller\robotcontrollerui\de\debug\de.tlog\lib.command.1.tlog
