빌드 시작: 2015-12-05 오후 3:33:43
     1>2 노드의 "C:\Users\teresa\SE\SEP 2\SEP\SEP.vcxproj" 프로젝트(build 대상)입니다.
       프로젝트 파일에 ToolsVersion="12.0"이(가) 들어 있습니다. 이 도구 집합을 알 수 없거나 누락되었습니다. 이 도구 집합에 적합한 .NET Framework를 설치하면 이 문제를 해결할 수 있습니다. 프로젝트에 ToolsVersion="4.0"이 들어 있는 것으로 간주합니다.
     1>InitializeBuildStatus:
         "AlwaysCreate"이(가) 지정되었기 때문에 "Debug\SEP.unsuccessfulbuild"을(를) 만들고 있습니다.
       ClCompile:
         C:\Program Files (x86)\Microsoft Visual Studio 10.0\VC\bin\CL.exe /c /ZI /nologo /W3 /WX- /Od /Oy- /D WIN32 /D _DEBUG /D _CONSOLE /D _LIB /D _UNICODE /D UNICODE /Gm /EHsc /RTC1 /MDd /GS /fp:precise /Zc:wchar_t /Zc:forScope /Fo"Debug\\" /Fd"Debug\vc100.pdb" /Gd /TP /analyze- /errorReport:prompt datainterface.cpp MainFlow.cpp map.cpp MapManager.cpp movemanager.cpp robot.cpp satellite.cpp sensor.cpp virtualrobot.cpp
         virtualrobot.cpp
         sensor.cpp
         satellite.cpp
         robot.cpp
         movemanager.cpp
         MapManager.cpp
         map.cpp
         MainFlow.cpp
     1>c:\users\teresa\se\sep 2\sep\mainflow.cpp(20): warning C4996: 'fopen': This function or variable may be unsafe. Consider using fopen_s instead. To disable deprecation, use _CRT_SECURE_NO_WARNINGS. See online help for details.
                 c:\program files (x86)\microsoft visual studio 10.0\vc\include\stdio.h(234) : 'fopen' 선언을 참조하십시오.
     1>c:\users\teresa\se\sep 2\sep\mainflow.cpp(35): warning C4996: 'fscanf': This function or variable may be unsafe. Consider using fscanf_s instead. To disable deprecation, use _CRT_SECURE_NO_WARNINGS. See online help for details.
                 c:\program files (x86)\microsoft visual studio 10.0\vc\include\stdio.h(253) : 'fscanf' 선언을 참조하십시오.
         datainterface.cpp
         코드를 생성하고 있습니다...
       ManifestResourceCompile:
         C:\Program Files (x86)\Microsoft SDKs\Windows\v7.0A\bin\rc.exe /nologo /fo"Debug\SEP.exe.embed.manifest.res" Debug\SEP_manifest.rc 
       Link:
         C:\Program Files (x86)\Microsoft Visual Studio 10.0\VC\bin\link.exe /ERRORREPORT:PROMPT /OUT:"C:\Users\teresa\SE\SEP 2\Debug\SEP.exe" /INCREMENTAL /NOLOGO kernel32.lib user32.lib gdi32.lib winspool.lib comdlg32.lib advapi32.lib shell32.lib ole32.lib oleaut32.lib uuid.lib odbc32.lib odbccp32.lib /MANIFEST /ManifestFile:"Debug\SEP.exe.intermediate.manifest" /MANIFESTUAC:"level='asInvoker' uiAccess='false'" /DEBUG /PDB:"C:\Users\teresa\SE\SEP 2\Debug\SEP.pdb" /SUBSYSTEM:CONSOLE /TLBID:1 /DYNAMICBASE /NXCOMPAT /IMPLIB:"C:\Users\teresa\SE\SEP 2\Debug\SEP.lib" /MACHINE:X86 Debug\SEP.exe.embed.manifest.res
         Debug\datainterface.obj
         Debug\MainFlow.obj
         Debug\map.obj
         Debug\MapManager.obj
         Debug\movemanager.obj
         Debug\robot.obj
         Debug\satellite.obj
         Debug\sensor.obj
         Debug\virtualrobot.obj
       Manifest:
         C:\Program Files (x86)\Microsoft SDKs\Windows\v7.0A\bin\mt.exe /nologo /verbose /out:"Debug\SEP.exe.embed.manifest" /manifest Debug\SEP.exe.intermediate.manifest
         C:\Program Files (x86)\Microsoft SDKs\Windows\v7.0A\bin\rc.exe /nologo /fo"Debug\SEP.exe.embed.manifest.res" Debug\SEP_manifest.rc 
       LinkEmbedManifest:
         C:\Program Files (x86)\Microsoft Visual Studio 10.0\VC\bin\link.exe /ERRORREPORT:PROMPT /OUT:"C:\Users\teresa\SE\SEP 2\Debug\SEP.exe" /INCREMENTAL /NOLOGO kernel32.lib user32.lib gdi32.lib winspool.lib comdlg32.lib advapi32.lib shell32.lib ole32.lib oleaut32.lib uuid.lib odbc32.lib odbccp32.lib /MANIFEST /ManifestFile:"Debug\SEP.exe.intermediate.manifest" /MANIFESTUAC:"level='asInvoker' uiAccess='false'" /DEBUG /PDB:"C:\Users\teresa\SE\SEP 2\Debug\SEP.pdb" /SUBSYSTEM:CONSOLE /TLBID:1 /DYNAMICBASE /NXCOMPAT /IMPLIB:"C:\Users\teresa\SE\SEP 2\Debug\SEP.lib" /MACHINE:X86 Debug\SEP.exe.embed.manifest.res
         Debug\datainterface.obj
         Debug\MainFlow.obj
         Debug\map.obj
         Debug\MapManager.obj
         Debug\movemanager.obj
         Debug\robot.obj
         Debug\satellite.obj
         Debug\sensor.obj
         Debug\virtualrobot.obj
         SEP.vcxproj -> C:\Users\teresa\SE\SEP 2\Debug\SEP.exe
       FinalizeBuildStatus:
         "Debug\SEP.unsuccessfulbuild" 파일을 삭제하고 있습니다.
         "Debug\SEP.lastbuildstate"에 연결(touching)하고 있습니다.
     1>"C:\Users\teresa\SE\SEP 2\SEP\SEP.vcxproj" 프로젝트를 빌드했습니다(build 대상).

빌드했습니다.

경과 시간: 00:00:06.84
