e:\1\workingsapce\sep 2\sep\debug\vc120.pdb
e:\1\workingsapce\sep 2\sep\debug\vc120.idb
e:\1\workingsapce\sep 2\sep\debug\datainterface.obj
e:\1\workingsapce\sep 2\sep\debug\mainflow.obj
e:\1\workingsapce\sep 2\sep\debug\map.obj
e:\1\workingsapce\sep 2\sep\debug\mapmanager.obj
e:\1\workingsapce\sep 2\sep\debug\movemanager.obj
e:\1\workingsapce\sep 2\sep\debug\robot.obj
e:\1\workingsapce\sep 2\sep\debug\satellite.obj
e:\1\workingsapce\sep 2\sep\debug\sensor.obj
e:\1\workingsapce\sep 2\sep\debug\virtualrobot.obj
e:\1\workingsapce\sep 2\debug\sep.pdb
e:\1\workingsapce\sep 2\sep\debug\sep.tlog\cl.command.1.tlog
e:\1\workingsapce\sep 2\sep\debug\sep.tlog\cl.read.1.tlog
e:\1\workingsapce\sep 2\sep\debug\sep.tlog\cl.write.1.tlog
e:\1\workingsapce\sep 2\sep\debug\sep.tlog\link-cvtres.read.1.tlog
e:\1\workingsapce\sep 2\sep\debug\sep.tlog\link-cvtres.write.1.tlog
e:\1\workingsapce\sep 2\sep\debug\sep.tlog\link-rc.read.1.tlog
e:\1\workingsapce\sep 2\sep\debug\sep.tlog\link-rc.write.1.tlog
e:\1\workingsapce\sep 2\sep\debug\sep.tlog\link.3748-cvtres.read.1.tlog
e:\1\workingsapce\sep 2\sep\debug\sep.tlog\link.3748-cvtres.write.1.tlog
e:\1\workingsapce\sep 2\sep\debug\sep.tlog\link.3748-rc.read.1.tlog
e:\1\workingsapce\sep 2\sep\debug\sep.tlog\link.3748-rc.write.1.tlog
e:\1\workingsapce\sep 2\sep\debug\sep.tlog\link.3748.read.1.tlog
e:\1\workingsapce\sep 2\sep\debug\sep.tlog\link.3748.write.1.tlog
e:\1\workingsapce\sep 2\sep\debug\sep.tlog\link.command.1.tlog
e:\1\workingsapce\sep 2\sep\debug\sep.tlog\link.read.1.tlog
e:\1\workingsapce\sep 2\sep\debug\sep.tlog\link.write.1.tlog
