빌드 시작: 2015-12-06 오후 2:21:25
     1>2 노드의 "E:\1\workingsapce\SEP 2\SEP\SEP.vcxproj" 프로젝트(Build 대상)입니다.
     1>ClCompile:
         E:\Program Files (x86)\Microsoft Visual Studio 12.0\VC\bin\CL.exe /c /ZI /nologo /W3 /WX- /Od /Oy- /D WIN32 /D _DEBUG /D _CONSOLE /D _LIB /D _UNICODE /D UNICODE /Gm /EHsc /RTC1 /MDd /GS /fp:precise /Zc:wchar_t /Zc:forScope /Fo"Debug\\" /Fd"Debug\vc120.pdb" /Gd /TP /analyze- /errorReport:prompt movemanager.cpp
         movemanager.cpp
     1>cl : 명령줄 warning D9028: 최소 다시 빌드에 실패했습니다. 정상 빌드로 되돌립니다.
       Link:
         E:\Program Files (x86)\Microsoft Visual Studio 12.0\VC\bin\link.exe /ERRORREPORT:PROMPT /OUT:"E:\1\workingsapce\SEP 2\Debug\SEP.exe" /INCREMENTAL /NOLOGO kernel32.lib user32.lib gdi32.lib winspool.lib comdlg32.lib advapi32.lib shell32.lib ole32.lib oleaut32.lib uuid.lib odbc32.lib odbccp32.lib /MANIFEST /MANIFESTUAC:"level='asInvoker' uiAccess='false'" /manifest:embed /DEBUG /PDB:"E:\1\workingsapce\SEP 2\Debug\SEP.pdb" /SUBSYSTEM:CONSOLE /TLBID:1 /DYNAMICBASE /NXCOMPAT /IMPLIB:"E:\1\workingsapce\SEP 2\Debug\SEP.lib" /MACHINE:X86 Debug\datainterface.obj
         Debug\MainFlow.obj
         Debug\map.obj
         Debug\MapManager.obj
         Debug\movemanager.obj
         Debug\robot.obj
         Debug\satellite.obj
         Debug\sensor.obj
         Debug\virtualrobot.obj
         SEP.vcxproj -> E:\1\workingsapce\SEP 2\Debug\SEP.exe
     1>"E:\1\workingsapce\SEP 2\SEP\SEP.vcxproj" 프로젝트를 빌드했습니다(Build 대상).

빌드했습니다.

경과 시간: 00:00:00.61
